<?xml version="1.0" encoding="UTF-8"?>
<!-- Generated by org.testng.reporters.JUnitReportReporter -->
<testsuite hostname="rs-MAC15.local" failures="0" tests="1" name="restAPItest.ValidatingInXML" time="2.478" errors="0" timestamp="30 Jun 2018 07:15:52 GMT" skipped="0">
  <testcase classname="restAPItest.ValidatingInXML" name="addAndDeletePlace" time="2.478"/>
</testsuite> <!-- restAPItest.ValidatingInXML -->
