<?xml version="1.0" encoding="UTF-8"?>
<!-- Generated by org.testng.reporters.JUnitReportReporter -->
<testsuite hostname="rs-MAC15.local" failures="0" tests="1" name="restAPItest.CreateIssue_JiraAPI" time="2.133" errors="0" timestamp="30 Jun 2018 13:07:55 GMT" skipped="0">
  <testcase classname="restAPItest.CreateIssue_JiraAPI" name="createIssue" time="2.133"/>
</testsuite> <!-- restAPItest.CreateIssue_JiraAPI -->
