<?xml version="1.0" encoding="UTF-8"?>
<!-- Generated by org.testng.reporters.JUnitReportReporter -->
<testsuite hostname="rs-MAC15.local" failures="0" tests="1" name="restAPItest.GrabbingRespForAdvancedVal" time="3.298" errors="0" timestamp="01 Jul 2018 13:29:42 GMT" skipped="0">
  <testcase classname="restAPItest.GrabbingRespForAdvancedVal" name="addAndDeletePlace" time="3.298"/>
</testsuite> <!-- restAPItest.GrabbingRespForAdvancedVal -->
