<?xml version="1.0" encoding="UTF-8"?>
<!-- Generated by org.testng.reporters.JUnitReportReporter -->
<testsuite hostname="rs-MAC15.local" failures="0" tests="1" name="restAPItest.postRequest" time="2.274" errors="0" timestamp="29 Jun 2018 11:56:52 GMT" skipped="0">
  <testcase classname="restAPItest.postRequest" name="postData" time="2.274"/>
</testsuite> <!-- restAPItest.postRequest -->
